# Attack trace — CAN injection/replay attack
# This log contains MALICIOUS traffic mixed with normal traffic.
# Attacks included:
#   1. Door unlock injection (ID 0x19B with unlock byte pattern)
#   2. Speed spoofing (ID 0x244 with fake high speed)
#   3. Flood/DoS burst (rapid frames on ID 0x666 — unknown ID)
#   4. RPM spoofing (ID 0x0C4 with redline values)
#
# Students should detect these anomalies using IDS techniques.
# Use with: canplayer -I attack_trace.log

# --- Normal traffic baseline ---
(1718001000.000000) vcan0 0C4#00001900
(1718001000.010000) vcan0 244#0000002000
(1718001000.020000) vcan0 19B#0000000F
(1718001000.030000) vcan0 188#0000000000
(1718001000.040000) vcan0 0B4#00000005
(1718001000.050000) vcan0 0AA#00000000
(1718001000.100000) vcan0 0C4#00001900
(1718001000.110000) vcan0 244#0000002000
(1718001000.120000) vcan0 19B#0000000F
(1718001000.200000) vcan0 0C4#00001900
(1718001000.210000) vcan0 244#0000002000
(1718001000.220000) vcan0 19B#0000000F

# ===== ATTACK 1: Door unlock injection =====
# Attacker sends door unlock command (0x19B with 0x00 = all unlocked)
(1718001000.250000) vcan0 19B#0000000000
(1718001000.260000) vcan0 19B#0000000000
(1718001000.270000) vcan0 19B#0000000000

# --- Normal continues ---
(1718001000.300000) vcan0 0C4#00001900
(1718001000.310000) vcan0 244#0000002000
(1718001000.320000) vcan0 19B#0000000F
(1718001000.330000) vcan0 188#0000000000
(1718001000.340000) vcan0 0B4#00000005
(1718001000.350000) vcan0 0AA#00000000
(1718001000.400000) vcan0 0C4#00001900
(1718001000.410000) vcan0 244#0000002000
(1718001000.420000) vcan0 19B#0000000F
(1718001000.500000) vcan0 0C4#00001900
(1718001000.510000) vcan0 244#0000002000
(1718001000.520000) vcan0 19B#0000000F

# ===== ATTACK 2: Speed spoofing =====
# Attacker injects fake speed of 200+ km/h while RPM stays normal
(1718001000.550000) vcan0 244#000000C800
(1718001000.560000) vcan0 244#000000D200
(1718001000.570000) vcan0 244#000000DC00
(1718001000.580000) vcan0 244#000000E600
(1718001000.590000) vcan0 244#000000F000

# --- Normal continues ---
(1718001000.600000) vcan0 0C4#00001900
(1718001000.610000) vcan0 244#0000002000
(1718001000.620000) vcan0 19B#0000000F
(1718001000.630000) vcan0 188#0000000000
(1718001000.640000) vcan0 0B4#00000005
(1718001000.650000) vcan0 0AA#00000000
(1718001000.700000) vcan0 0C4#00001900
(1718001000.710000) vcan0 244#0000002000
(1718001000.720000) vcan0 19B#0000000F
(1718001000.800000) vcan0 0C4#00001900
(1718001000.810000) vcan0 244#0000002000
(1718001000.820000) vcan0 19B#0000000F

# ===== ATTACK 3: Flood / DoS burst =====
# Unknown ID 0x666 flooding the bus — 20 frames in rapid succession
(1718001000.850000) vcan0 666#DEADBEEFCAFEBABE
(1718001000.851000) vcan0 666#DEADBEEFCAFEBABE
(1718001000.852000) vcan0 666#DEADBEEFCAFEBABE
(1718001000.853000) vcan0 666#DEADBEEFCAFEBABE
(1718001000.854000) vcan0 666#DEADBEEFCAFEBABE
(1718001000.855000) vcan0 666#DEADBEEFCAFEBABE
(1718001000.856000) vcan0 666#DEADBEEFCAFEBABE
(1718001000.857000) vcan0 666#DEADBEEFCAFEBABE
(1718001000.858000) vcan0 666#DEADBEEFCAFEBABE
(1718001000.859000) vcan0 666#DEADBEEFCAFEBABE
(1718001000.860000) vcan0 666#DEADBEEFCAFEBABE
(1718001000.861000) vcan0 666#DEADBEEFCAFEBABE
(1718001000.862000) vcan0 666#DEADBEEFCAFEBABE
(1718001000.863000) vcan0 666#DEADBEEFCAFEBABE
(1718001000.864000) vcan0 666#DEADBEEFCAFEBABE
(1718001000.865000) vcan0 666#DEADBEEFCAFEBABE
(1718001000.866000) vcan0 666#DEADBEEFCAFEBABE
(1718001000.867000) vcan0 666#DEADBEEFCAFEBABE
(1718001000.868000) vcan0 666#DEADBEEFCAFEBABE
(1718001000.869000) vcan0 666#DEADBEEFCAFEBABE

# --- Normal continues ---
(1718001000.900000) vcan0 0C4#00001900
(1718001000.910000) vcan0 244#0000002000
(1718001000.920000) vcan0 19B#0000000F
(1718001000.930000) vcan0 188#0000000000
(1718001000.940000) vcan0 0B4#00000005
(1718001000.950000) vcan0 0AA#00000000

# ===== ATTACK 4: RPM spoofing to redline =====
# Attacker injects dangerously high RPM values (ID 0x0C4)
(1718001001.000000) vcan0 0C4#0000FFFF
(1718001001.010000) vcan0 0C4#0000FFFF
(1718001001.020000) vcan0 0C4#0000FFFF
(1718001001.030000) vcan0 0C4#0000FFFF
(1718001001.040000) vcan0 0C4#0000FFFF

# --- Normal resumes ---
(1718001001.100000) vcan0 0C4#00001900
(1718001001.110000) vcan0 244#0000002000
(1718001001.120000) vcan0 19B#0000000F
(1718001001.130000) vcan0 188#0000000000
(1718001001.140000) vcan0 0B4#00000005
(1718001001.150000) vcan0 0AA#00000000
(1718001001.200000) vcan0 0C4#00001900
(1718001001.210000) vcan0 244#0000002000
(1718001001.220000) vcan0 19B#0000000F
(1718001001.300000) vcan0 0C4#00001900
(1718001001.310000) vcan0 244#0000002000
(1718001001.320000) vcan0 19B#0000000F
(1718001001.330000) vcan0 188#0000000000
(1718001001.340000) vcan0 0B4#00000000
(1718001001.350000) vcan0 0AA#00000000
